<?xml version="1.0" encoding="UTF-8"?>
<testng-results skipped="0" failed="0" ignored="0" total="1" passed="1">
  <reporter-output>
  </reporter-output>
  <suite name="Default suite" duration-ms="22852" started-at="2020-01-01T23:50:16 IST" finished-at="2020-01-01T23:50:39 IST">
    <groups>
    </groups>
    <test name="Default test" duration-ms="22852" started-at="2020-01-01T23:50:16 IST" finished-at="2020-01-01T23:50:39 IST">
      <class name="day3.classrom.createlead">
        <test-method status="PASS" signature="create()[pri:0, instance:day3.classrom.createlead@bc05a6]" name="create" duration-ms="22786" started-at="2020-01-01T23:50:16 IST" finished-at="2020-01-01T23:50:39 IST">
          <reporter-output>
          </reporter-output>
        </test-method> <!-- create -->
      </class> <!-- day3.classrom.createlead -->
    </test> <!-- Default test -->
  </suite> <!-- Default suite -->
</testng-results>
